
Sat Feb 24 13:25:42 EST 2018

HaskellFileWithErr.hs:3:15:
    Couldn't match expected type ‘Int’ with actual type ‘Char’
    In the expression: 'A'
    In an equation for ‘function1’: function1 3 = 'A'

Labs/Bash02/Bash02.hs:1:1:
    The IO action ‘main’ is not defined in module ‘Main’

Sat Feb 24 13:33:45 EST 2018

HaskellFileWithErr.hs:3:15:
    Couldn't match expected type ‘Int’ with actual type ‘Char’
    In the expression: 'A'
    In an equation for ‘function1’: function1 3 = 'A'

Labs/Bash02/Bash02.hs:1:1:
    The IO action ‘main’ is not defined in module ‘Main’

Sat Feb 24 15:39:55 EST 2018

HaskellFileWithErr.hs:3:15:
    Couldn't match expected type ‘Int’ with actual type ‘Char’
    In the expression: 'A'
    In an equation for ‘function1’: function1 3 = 'A'

Labs/Bash02/Bash02.hs:1:1:
    The IO action ‘main’ is not defined in module ‘Main’

Sat Feb 24 16:28:42 EST 2018

HaskellFileWithErr.hs:3:15:
    Couldn't match expected type ‘Int’ with actual type ‘Char’
    In the expression: 'A'
    In an equation for ‘function1’: function1 3 = 'A'

Labs/Bash02/Bash02.hs:1:1:
    The IO action ‘main’ is not defined in module ‘Main’

Sat Feb 24 17:13:27 EST 2018

HaskellFileWithErr.hs:3:15:
    Couldn't match expected type ‘Int’ with actual type ‘Char’
    In the expression: 'A'
    In an equation for ‘function1’: function1 3 = 'A'

Labs/Bash02/Bash02.hs:1:1:
    The IO action ‘main’ is not defined in module ‘Main’

Sat Feb 24 17:15:03 EST 2018

HaskellFileWithErr.hs:3:15:
    Couldn't match expected type ‘Int’ with actual type ‘Char’
    In the expression: 'A'
    In an equation for ‘function1’: function1 3 = 'A'

Labs/Bash02/Bash02.hs:1:1:
    The IO action ‘main’ is not defined in module ‘Main’

Sat Feb 24 17:17:37 EST 2018

HaskellFileWithErr.hs:3:15:
    Couldn't match expected type ‘Int’ with actual type ‘Char’
    In the expression: 'A'
    In an equation for ‘function1’: function1 3 = 'A'

Labs/Bash02/Bash02.hs:1:1:
    The IO action ‘main’ is not defined in module ‘Main’
